<?xml version="1.0" encoding="UTF-8"?>
<!-- Generated by org.testng.reporters.JUnitReportReporter -->
<testsuite hostname="DESKTOP-I8MB0R4" failures="0" tests="1" name="registerPack.TC_RF_010InvalidEmailAddress" time="9.426" errors="0" timestamp="2024-11-12T17:25:27 EST" skipped="0">
  <testcase classname="registerPack.TC_RF_010InvalidEmailAddress" name="invalidEmailAddress" time="9.426"/>
</testsuite> <!-- registerPack.TC_RF_010InvalidEmailAddress -->
