<?xml version="1.0" encoding="UTF-8"?>
<!-- Generated by org.testng.reporters.JUnitReportReporter -->
<testsuite hostname="DESKTOP-I8MB0R4" failures="0" tests="1" name="registerPack.TC_RF_002" time="9.811" errors="0" timestamp="2024-11-06T22:48:18 EST" skipped="0">
  <testcase classname="registerPack.TC_RF_002" name="verifyThankyouMail" time="9.811"/>
</testsuite> <!-- registerPack.TC_RF_002 -->
