<?xml version="1.0" encoding="UTF-8"?>
<!-- Generated by org.testng.reporters.JUnitReportReporter -->
<testsuite hostname="DESKTOP-I8MB0R4" failures="0" tests="1" name="registerPack.TC_RF_014VerifyMandatoryfieldsWith" time="9.076" errors="0" timestamp="2024-11-29T19:45:02 EST" skipped="0">
  <testcase classname="registerPack.TC_RF_014VerifyMandatoryfieldsWith" name="verifyAllMandatoryFields" time="9.076"/>
</testsuite> <!-- registerPack.TC_RF_014VerifyMandatoryfieldsWith -->
