<?xml version="1.0" encoding="UTF-8"?>
<!-- Generated by org.testng.reporters.JUnitReportReporter -->
<testsuite hostname="DESKTOP-I8MB0R4" failures="0" tests="1" name="registerPack.TC_RF_002_SuccessPage" time="15.241" errors="0" timestamp="2024-11-04T20:08:21 EST" skipped="0">
  <testcase classname="registerPack.TC_RF_002_SuccessPage" name="CheckSuccesspage" time="15.241"/>
</testsuite> <!-- registerPack.TC_RF_002_SuccessPage -->
