<?xml version="1.0" encoding="UTF-8"?>
<!-- Generated by org.testng.reporters.JUnitReportReporter -->
<testsuite hostname="DESKTOP-I8MB0R4" failures="0" tests="1" name="registerPack.TC_RF_013RegisterAccountWithproperPlaceholders" time="9.105" errors="0" timestamp="2024-11-29T14:43:25 EST" skipped="0">
  <testcase classname="registerPack.TC_RF_013RegisterAccountWithproperPlaceholders" name="AccountWithproperPlaceholders" time="9.105"/>
</testsuite> <!-- registerPack.TC_RF_013RegisterAccountWithproperPlaceholders -->
