<?xml version="1.0" encoding="UTF-8"?>
<!-- Generated by org.testng.reporters.JUnitReportReporter -->
<testsuite hostname="DESKTOP-I8MB0R4" failures="0" tests="1" name="registerPack.TC_RF_009EmailAlreadyRegistered" time="12.959" errors="0" timestamp="2024-11-26T10:50:30 EST" skipped="0">
  <testcase classname="registerPack.TC_RF_009EmailAlreadyRegistered" name="VerifydifferentwaysofnavigatingtoRegisterAccountpage" time="12.959"/>
</testsuite> <!-- registerPack.TC_RF_009EmailAlreadyRegistered -->
