<?xml version="1.0" encoding="UTF-8"?>
<!-- Generated by org.testng.reporters.JUnitReportReporter -->
<testsuite hostname="DESKTOP-I8MB0R4" failures="0" tests="1" name="registerPack.TC_RF_007" time="10.441" errors="0" timestamp="2024-11-09T08:10:53 EST" skipped="0">
  <testcase classname="registerPack.TC_RF_007" name="VerifydifferentwaysofnavigatingtoRegisterAccountpage" time="10.441"/>
</testsuite> <!-- registerPack.TC_RF_007 -->
