<?xml version="1.0" encoding="UTF-8"?>
<!-- Generated by org.testng.reporters.JUnitReportReporter -->
<testsuite hostname="DESKTOP-I8MB0R4" failures="0" tests="1" name="registerPack.TC_RF_005" time="13.940" errors="0" timestamp="2024-11-08T08:25:05 EST" skipped="0">
  <testcase classname="registerPack.TC_RF_005" name="newsLetterYes" time="13.940"/>
</testsuite> <!-- registerPack.TC_RF_005 -->
