<?xml version="1.0" encoding="UTF-8"?>
<!-- Generated by org.testng.reporters.JUnitReportReporter -->
<testsuite hostname="DESKTOP-I8MB0R4" failures="0" tests="1" name="registerPack.TC_RF_007DiffWaysRegisterAcc" time="11.611" errors="0" timestamp="2024-11-09T08:57:11 EST" skipped="0">
  <testcase classname="registerPack.TC_RF_007DiffWaysRegisterAcc" name="verifyDifferentWaysofRegisteringAccount" time="11.611"/>
</testsuite> <!-- registerPack.TC_RF_007DiffWaysRegisterAcc -->
