<?xml version="1.0" encoding="UTF-8"?>
<!-- Generated by org.testng.reporters.JUnitReportReporter -->
<testsuite hostname="DESKTOP-I8MB0R4" failures="0" tests="1" name="registerPack.TC_RF_004_WarningMessege" time="9.733" errors="0" timestamp="2024-11-14T09:57:57 EST" skipped="0">
  <testcase classname="registerPack.TC_RF_004_WarningMessege" name="checkWarningMessagesForFiirstname" time="9.733"/>
</testsuite> <!-- registerPack.TC_RF_004_WarningMessege -->
