<?xml version="1.0" encoding="UTF-8"?>
<!-- Generated by org.testng.reporters.JUnitReportReporter -->
<testsuite hostname="DESKTOP-I8MB0R4" failures="0" tests="1" name="registerPack.TC_RF_009EmailAlreadyRegistered" time="22.135" errors="0" timestamp="2024-11-09T13:23:29 EST" skipped="0">
  <testcase classname="registerPack.TC_RF_009EmailAlreadyRegistered" name="VerifydifferentwaysofnavigatingtoRegisterAccountpage" time="22.135"/>
</testsuite> <!-- registerPack.TC_RF_009EmailAlreadyRegistered -->
